<?xml version="1.0" encoding="UTF-8"?>
<testng-results skipped="0" failed="1" ignored="1" total="6" passed="4">
  <reporter-output>
  </reporter-output>
  <suite name="Suite" duration-ms="572468" started-at="2019-08-29T12:11:08Z" finished-at="2019-08-29T12:20:40Z">
    <groups>
    </groups>
    <test name="Test" duration-ms="572468" started-at="2019-08-29T12:11:08Z" finished-at="2019-08-29T12:20:40Z">
      <class name="bac_pack.Sorting_functionality">
        <test-method status="PASS" signature="initialize()[pri:0, instance:bac_pack.Sorting_functionality@59662a0b]" name="initialize" is-config="true" duration-ms="46719" started-at="2019-08-29T12:11:08Z" finished-at="2019-08-29T12:11:54Z">
          <reporter-output>
          </reporter-output>
        </test-method> <!-- initialize -->
        <test-method status="PASS" signature="initialize()[pri:0, instance:bac_pack.single_filter@77fbd92c]" name="initialize" is-config="true" duration-ms="45193" started-at="2019-08-29T12:11:54Z" finished-at="2019-08-29T12:12:39Z">
          <reporter-output>
          </reporter-output>
        </test-method> <!-- initialize -->
        <test-method status="PASS" signature="getlist()[pri:0, instance:bac_pack.Sorting_functionality@59662a0b]" name="getlist" duration-ms="356445" started-at="2019-08-29T12:12:40Z" finished-at="2019-08-29T12:18:36Z">
          <reporter-output>
          </reporter-output>
        </test-method> <!-- getlist -->
      </class> <!-- bac_pack.Sorting_functionality -->
      <class name="bac_pack.single_filter">
        <test-method status="FAIL" signature="singlefilter()[pri:0, instance:bac_pack.single_filter@77fbd92c]" name="singlefilter" duration-ms="14543" started-at="2019-08-29T12:19:42Z" finished-at="2019-08-29T12:19:57Z">
          <exception class="org.openqa.selenium.NoSuchElementException">
            <message>
              <![CDATA[no such element: Unable to locate element: {"method":"xpath","selector":"//select[@id='filter_type']"}
  (Session info: chrome=76.0.3809.132)
For documentation on this error, please visit: https://www.seleniumhq.org/exceptions/no_such_element.html
Build info: version: '3.141.59', revision: 'e82be7d358', time: '2018-11-14T08:17:03'
System info: host: 'DESKTOP-UUTUU8G', ip: '192.168.1.116', os.name: 'Windows 10', os.arch: 'amd64', os.version: '10.0', java.version: '1.8.0_181'
Driver info: org.openqa.selenium.chrome.ChromeDriver
Capabilities {acceptInsecureCerts: false, browserName: chrome, browserVersion: 76.0.3809.132, chrome: {chromedriverVersion: 75.0.3770.140 (2d9f97485c7b..., userDataDir: C:\Users\COMPIN~1\AppData\L...}, goog:chromeOptions: {debuggerAddress: localhost:49300}, javascriptEnabled: true, networkConnectionEnabled: false, pageLoadStrategy: normal, platform: XP, platformName: XP, proxy: Proxy(), setWindowRect: true, strictFileInteractability: false, timeouts: {implicit: 0, pageLoad: 300000, script: 30000}, unhandledPromptBehavior: dismiss and notify}
Session ID: bb1c8ad17b02190dc9ae050694d0b1b8
*** Element info: {Using=xpath, value=//select[@id='filter_type']}]]>
            </message>
            <full-stacktrace>
              <![CDATA[org.openqa.selenium.NoSuchElementException: no such element: Unable to locate element: {"method":"xpath","selector":"//select[@id='filter_type']"}
  (Session info: chrome=76.0.3809.132)
For documentation on this error, please visit: https://www.seleniumhq.org/exceptions/no_such_element.html
Build info: version: '3.141.59', revision: 'e82be7d358', time: '2018-11-14T08:17:03'
System info: host: 'DESKTOP-UUTUU8G', ip: '192.168.1.116', os.name: 'Windows 10', os.arch: 'amd64', os.version: '10.0', java.version: '1.8.0_181'
Driver info: org.openqa.selenium.chrome.ChromeDriver
Capabilities {acceptInsecureCerts: false, browserName: chrome, browserVersion: 76.0.3809.132, chrome: {chromedriverVersion: 75.0.3770.140 (2d9f97485c7b..., userDataDir: C:\Users\COMPIN~1\AppData\L...}, goog:chromeOptions: {debuggerAddress: localhost:49300}, javascriptEnabled: true, networkConnectionEnabled: false, pageLoadStrategy: normal, platform: XP, platformName: XP, proxy: Proxy(), setWindowRect: true, strictFileInteractability: false, timeouts: {implicit: 0, pageLoad: 300000, script: 30000}, unhandledPromptBehavior: dismiss and notify}
Session ID: bb1c8ad17b02190dc9ae050694d0b1b8
*** Element info: {Using=xpath, value=//select[@id='filter_type']}
at sun.reflect.NativeConstructorAccessorImpl.newInstance0(Native Method)
at sun.reflect.NativeConstructorAccessorImpl.newInstance(NativeConstructorAccessorImpl.java:62)
at sun.reflect.DelegatingConstructorAccessorImpl.newInstance(DelegatingConstructorAccessorImpl.java:45)
at java.lang.reflect.Constructor.newInstance(Constructor.java:423)
at org.openqa.selenium.remote.http.W3CHttpResponseCodec.createException(W3CHttpResponseCodec.java:187)
at org.openqa.selenium.remote.http.W3CHttpResponseCodec.decode(W3CHttpResponseCodec.java:122)
at org.openqa.selenium.remote.http.W3CHttpResponseCodec.decode(W3CHttpResponseCodec.java:49)
at org.openqa.selenium.remote.HttpCommandExecutor.execute(HttpCommandExecutor.java:158)
at org.openqa.selenium.remote.service.DriverCommandExecutor.execute(DriverCommandExecutor.java:83)
at org.openqa.selenium.remote.RemoteWebDriver.execute(RemoteWebDriver.java:552)
at org.openqa.selenium.remote.RemoteWebDriver.findElement(RemoteWebDriver.java:323)
at org.openqa.selenium.remote.RemoteWebDriver.findElementByXPath(RemoteWebDriver.java:428)
at org.openqa.selenium.By$ByXPath.findElement(By.java:353)
at org.openqa.selenium.remote.RemoteWebDriver.findElement(RemoteWebDriver.java:315)
at bac_pack.single_filter.singlefilter(single_filter.java:62)
at sun.reflect.NativeMethodAccessorImpl.invoke0(Native Method)
at sun.reflect.NativeMethodAccessorImpl.invoke(NativeMethodAccessorImpl.java:62)
at sun.reflect.DelegatingMethodAccessorImpl.invoke(DelegatingMethodAccessorImpl.java:43)
at java.lang.reflect.Method.invoke(Method.java:498)
at org.testng.internal.MethodInvocationHelper.invokeMethod(MethodInvocationHelper.java:124)
at org.testng.internal.Invoker.invokeMethod(Invoker.java:583)
at org.testng.internal.Invoker.invokeTestMethod(Invoker.java:719)
at org.testng.internal.Invoker.invokeTestMethods(Invoker.java:989)
at org.testng.internal.TestMethodWorker.invokeTestMethods(TestMethodWorker.java:125)
at org.testng.internal.TestMethodWorker.run(TestMethodWorker.java:109)
at org.testng.TestRunner.privateRun(TestRunner.java:648)
at org.testng.TestRunner.run(TestRunner.java:505)
at org.testng.SuiteRunner.runTest(SuiteRunner.java:455)
at org.testng.SuiteRunner.runSequentially(SuiteRunner.java:450)
at org.testng.SuiteRunner.privateRun(SuiteRunner.java:415)
at org.testng.SuiteRunner.run(SuiteRunner.java:364)
at org.testng.SuiteRunnerWorker.runSuite(SuiteRunnerWorker.java:52)
at org.testng.SuiteRunnerWorker.run(SuiteRunnerWorker.java:84)
at org.testng.TestNG.runSuitesSequentially(TestNG.java:1208)
at org.testng.TestNG.runSuitesLocally(TestNG.java:1137)
at org.testng.TestNG.runSuites(TestNG.java:1049)
at org.testng.TestNG.run(TestNG.java:1017)
at org.testng.remote.AbstractRemoteTestNG.run(AbstractRemoteTestNG.java:115)
at org.testng.remote.RemoteTestNG.initAndRun(RemoteTestNG.java:251)
at org.testng.remote.RemoteTestNG.main(RemoteTestNG.java:77)
]]>
            </full-stacktrace>
          </exception> <!-- org.openqa.selenium.NoSuchElementException -->
          <reporter-output>
          </reporter-output>
        </test-method> <!-- singlefilter -->
      </class> <!-- bac_pack.single_filter -->
      <class name="bac_pack.Login_Functionality">
        <test-method status="PASS" signature="loginvalidation(java.lang.String, java.lang.String, java.lang.String)[pri:1, instance:bac_pack.Login_Functionality@67c27493]" name="loginvalidation" duration-ms="21952" started-at="2019-08-29T12:19:57Z" data-provider="getData1" finished-at="2019-08-29T12:20:19Z">
          <params>
            <param index="0">
              <value>
                <![CDATA[mjeela+3@compindia.com]]>
              </value>
            </param>
            <param index="1">
              <value>
                <![CDATA[test123@]]>
              </value>
            </param>
            <param index="2">
              <value>
                <![CDATA[Admin]]>
              </value>
            </param>
          </params>
          <reporter-output>
          </reporter-output>
        </test-method> <!-- loginvalidation -->
        <test-method status="PASS" signature="loginvalidation(java.lang.String, java.lang.String, java.lang.String)[pri:1, instance:bac_pack.Login_Functionality@67c27493]" name="loginvalidation" duration-ms="21492" started-at="2019-08-29T12:20:19Z" data-provider="getData1" finished-at="2019-08-29T12:20:40Z">
          <params>
            <param index="0">
              <value>
                <![CDATA[mjeela@compindia.com]]>
              </value>
            </param>
            <param index="1">
              <value>
                <![CDATA[test123@]]>
              </value>
            </param>
            <param index="2">
              <value>
                <![CDATA[Super Admin]]>
              </value>
            </param>
          </params>
          <reporter-output>
          </reporter-output>
        </test-method> <!-- loginvalidation -->
      </class> <!-- bac_pack.Login_Functionality -->
      <class name="bac_pack.Common_Functionalities">
        <test-method status="PASS" signature="search()[pri:0, instance:bac_pack.Common_Functionalities@1a482e36]" name="search" duration-ms="65962" started-at="2019-08-29T12:18:36Z" finished-at="2019-08-29T12:19:42Z">
          <reporter-output>
          </reporter-output>
        </test-method> <!-- search -->
      </class> <!-- bac_pack.Common_Functionalities -->
    </test> <!-- Test -->
  </suite> <!-- Suite -->
</testng-results>
